Using pre-set license
Built from '2020.3/release' branch; Version is '2020.3.27f1 (e759542391ea) revision 15161684'; Using compiler version '192528614'; Build Type 'Release'
OS: 'Windows 10  (10.0.19043) 64bit Core' Language: 'ko' Physical Memory: 16333 MB
BatchMode: 1, IsHumanControllingUs: 0, StartBugReporterOnCrash: 0, Is64bit: 1, IsPro: 0

COMMAND LINE ARGUMENTS:
C:\Program Files\Unity\Hub\Editor\2020.3.27f1\Editor\Unity.exe
-adb2
-batchMode
-noUpm
-name
AssetImportWorker0
-projectPath
C:/Users/HUEYOUL2/Unity/Let me Bounce
-logFile
Logs/AssetImportWorker0.log
-srvPort
54425
Successfully changed project path to: C:/Users/HUEYOUL2/Unity/Let me Bounce
C:/Users/HUEYOUL2/Unity/Let me Bounce
Using Asset Import Pipeline V2.
Refreshing native plugins compatible for Editor in 54.18 ms, found 3 plugins.
Preloading 0 native plugins for Editor in 0.00 ms.
Initialize engine version: 2020.3.27f1 (e759542391ea)
[Subsystems] Discovering subsystems at path C:/Program Files/Unity/Hub/Editor/2020.3.27f1/Editor/Data/Resources/UnitySubsystems
[Subsystems] Discovering subsystems at path C:/Users/HUEYOUL2/Unity/Let me Bounce/Assets
GfxDevice: creating device client; threaded=0
Direct3D:
    Version:  Direct3D 11.0 [level 11.1]
    Renderer: NVIDIA GeForce RTX 2070 SUPER (ID=0x1e84)
    Vendor:   
    VRAM:     8011 MB
    Driver:   30.0.15.1215
Initialize mono
Mono path[0] = 'C:/Program Files/Unity/Hub/Editor/2020.3.27f1/Editor/Data/Managed'
Mono path[1] = 'C:/Program Files/Unity/Hub/Editor/2020.3.27f1/Editor/Data/MonoBleedingEdge/lib/mono/unityjit'
Mono config path = 'C:/Program Files/Unity/Hub/Editor/2020.3.27f1/Editor/Data/MonoBleedingEdge/etc'
Using monoOptions --debugger-agent=transport=dt_socket,embedding=1,server=y,suspend=n,address=127.0.0.1:56692
Begin MonoManager ReloadAssembly
Registering precompiled unity dll's ...
Register platform support module: C:/Program Files/Unity/Hub/Editor/2020.3.27f1/Editor/Data/PlaybackEngines/WindowsStandaloneSupport/UnityEditor.WindowsStandalone.Extensions.dll
Registered in 0.003435 seconds.
Native extension for WindowsStandalone target not found
Refreshing native plugins compatible for Editor in 53.59 ms, found 3 plugins.
Preloading 0 native plugins for Editor in 0.00 ms.
Mono: successfully reloaded assembly
- Completed reload, in  0.590 seconds
Domain Reload Profiling:
	ReloadAssembly (590ms)
		BeginReloadAssembly (83ms)
			ExecutionOrderSort (0ms)
			DisableScriptedObjects (0ms)
			BackupInstance (0ms)
			ReleaseScriptingObjects (0ms)
			CreateAndSetChildDomain (1ms)
		EndReloadAssembly (430ms)
			LoadAssemblies (79ms)
			RebuildTransferFunctionScriptingTraits (0ms)
			SetupTypeCache (131ms)
			ReleaseScriptCaches (0ms)
			RebuildScriptCaches (25ms)
			SetupLoadedEditorAssemblies (164ms)
				LogAssemblyErrors (0ms)
				InitializePlatformSupportModulesInManaged (4ms)
				SetLoadedEditorAssemblies (0ms)
				RefreshPlugins (54ms)
				BeforeProcessingInitializeOnLoad (14ms)
				ProcessInitializeOnLoadAttributes (67ms)
				ProcessInitializeOnLoadMethodAttributes (26ms)
				AfterProcessingInitializeOnLoad (0ms)
				EditorAssembliesLoaded (0ms)
			ExecutionOrderSort2 (0ms)
			AwakeInstancesAfterBackupRestoration (0ms)
Platform modules already initialized, skipping
Registering precompiled user dll's ...
Registered in 0.011288 seconds.
Begin MonoManager ReloadAssembly
Native extension for WindowsStandalone target not found
Refreshing native plugins compatible for Editor in 50.56 ms, found 3 plugins.
Preloading 0 native plugins for Editor in 0.00 ms.
Mono: successfully reloaded assembly
- Completed reload, in  1.184 seconds
Domain Reload Profiling:
	ReloadAssembly (1185ms)
		BeginReloadAssembly (156ms)
			ExecutionOrderSort (0ms)
			DisableScriptedObjects (4ms)
			BackupInstance (0ms)
			ReleaseScriptingObjects (0ms)
			CreateAndSetChildDomain (18ms)
		EndReloadAssembly (960ms)
			LoadAssemblies (131ms)
			RebuildTransferFunctionScriptingTraits (0ms)
			SetupTypeCache (300ms)
			ReleaseScriptCaches (1ms)
			RebuildScriptCaches (55ms)
			SetupLoadedEditorAssemblies (363ms)
				LogAssemblyErrors (0ms)
				InitializePlatformSupportModulesInManaged (4ms)
				SetLoadedEditorAssemblies (0ms)
				RefreshPlugins (51ms)
				BeforeProcessingInitializeOnLoad (89ms)
				ProcessInitializeOnLoadAttributes (189ms)
				ProcessInitializeOnLoadMethodAttributes (18ms)
				AfterProcessingInitializeOnLoad (11ms)
				EditorAssembliesLoaded (0ms)
			ExecutionOrderSort2 (0ms)
			AwakeInstancesAfterBackupRestoration (5ms)
Platform modules already initialized, skipping
========================================================================
Worker process is ready to serve import requests
Launched and connected shader compiler UnityShaderCompiler.exe after 0.07 seconds
Refreshing native plugins compatible for Editor in 0.72 ms, found 3 plugins.
Preloading 0 native plugins for Editor in 0.00 ms.
Unloading 2582 Unused Serialized files (Serialized files now loaded: 0)
System memory in use before: 108.7 MB.
System memory in use after: 108.9 MB.

Unloading 35 unused Assets to reduce memory usage. Loaded Objects now: 3011.
Total: 3.607000 ms (FindLiveObjects: 0.235200 ms CreateObjectMapping: 0.065800 ms MarkObjects: 3.229200 ms  DeleteObjects: 0.076000 ms)

AssetImportParameters requested are different than current active one (requested -> active):
  custom:framework-win-MediaFoundation: 216162199b28c13a410421893ffa2e32 -> 
  custom:video-decoder-ogg-theora: a1e56fd34408186e4bbccfd4996cb3dc -> 
  custom:container-muxer-webm: aa71ff27fc2769a1b78a27578f13a17b -> 
  custom:container-demuxer-webm: 4f35f7cbe854078d1ac9338744f61a02 -> 
  custom:container-demuxer-ogg: 62fdf1f143b41e24485cea50d1cbac27 -> 
  custom:video-encoder-webm-vp8: eb34c28f22e8b96e1ab97ce403110664 -> 
  custom:video-decoder-webm-vp8: 9c59270c3fd7afecdb556c50c9e8de78 -> 
  custom:audio-decoder-ogg-vorbis: bf7c407c2cedff20999df2af8eb42d56 -> 
  custom:audio-encoder-webm-vorbis: bf7c407c2cedff20999df2af8eb42d56 -> 
========================================================================
Received Import Request.
  path: Assets/Resources/Player.prefab
  artifactKey: Guid(50942d02591df5144840ff05a033e138) Importer(815301076,1909f56bfc062723c751e8b465ee728b)
Start importing Assets/Resources/Player.prefab using Guid(50942d02591df5144840ff05a033e138) Importer(815301076,1909f56bfc062723c751e8b465ee728b)  -> (artifact id: 'e4aac229a28117d2205662c8cc73ff84') in 0.122134 seconds 
  Import took 0.126627 seconds .

========================================================================
Received Import Request.
  Time since last request: 0.601931 seconds.
  path: Assets/Resources/Player.prefab
  artifactKey: Guid(50942d02591df5144840ff05a033e138) Importer(815301076,1909f56bfc062723c751e8b465ee728b)
Start importing Assets/Resources/Player.prefab using Guid(50942d02591df5144840ff05a033e138) Importer(815301076,1909f56bfc062723c751e8b465ee728b)  -> (artifact id: '7b389467cb37c5f75f36bfaa5d7960ab') in 0.013924 seconds 
  Import took 0.018445 seconds .

========================================================================
Received Import Request.
  Time since last request: 1.606868 seconds.
  path: Assets/Resources/Player.prefab
  artifactKey: Guid(50942d02591df5144840ff05a033e138) Importer(815301076,1909f56bfc062723c751e8b465ee728b)
Start importing Assets/Resources/Player.prefab using Guid(50942d02591df5144840ff05a033e138) Importer(815301076,1909f56bfc062723c751e8b465ee728b)  -> (artifact id: '7acabf51fc84e51d5d7dc52453e67960') in 0.013567 seconds 
  Import took 0.017619 seconds .

========================================================================
Received Import Request.
  Time since last request: 1.790989 seconds.
  path: Assets/Resources/Player.prefab
  artifactKey: Guid(50942d02591df5144840ff05a033e138) Importer(815301076,1909f56bfc062723c751e8b465ee728b)
Start importing Assets/Resources/Player.prefab using Guid(50942d02591df5144840ff05a033e138) Importer(815301076,1909f56bfc062723c751e8b465ee728b)  -> (artifact id: '2ae2acc4073906cffdf9291998ec5a93') in 0.013186 seconds 
  Import took 0.018119 seconds .

========================================================================
Received Import Request.
  Time since last request: 19.120150 seconds.
  path: Assets/Resources/Player.prefab
  artifactKey: Guid(50942d02591df5144840ff05a033e138) Importer(815301076,1909f56bfc062723c751e8b465ee728b)
Start importing Assets/Resources/Player.prefab using Guid(50942d02591df5144840ff05a033e138) Importer(815301076,1909f56bfc062723c751e8b465ee728b)  -> (artifact id: '48dae32734a7536c9bfee003875dd45d') in 0.013070 seconds 
  Import took 0.018349 seconds .

========================================================================
Received Import Request.
  Time since last request: 4.323304 seconds.
  path: Assets/Resources/Player.prefab
  artifactKey: Guid(50942d02591df5144840ff05a033e138) Importer(815301076,1909f56bfc062723c751e8b465ee728b)
Start importing Assets/Resources/Player.prefab using Guid(50942d02591df5144840ff05a033e138) Importer(815301076,1909f56bfc062723c751e8b465ee728b)  -> (artifact id: 'abd1829438532a2f4108ae96de38b23d') in 0.012873 seconds 
  Import took 0.017352 seconds .

========================================================================
Received Import Request.
  Time since last request: 4.219303 seconds.
  path: Assets/Resources/Player.prefab
  artifactKey: Guid(50942d02591df5144840ff05a033e138) Importer(815301076,1909f56bfc062723c751e8b465ee728b)
Start importing Assets/Resources/Player.prefab using Guid(50942d02591df5144840ff05a033e138) Importer(815301076,1909f56bfc062723c751e8b465ee728b)  -> (artifact id: 'a8e874a371504bb970feb88bd8ed56af') in 0.012923 seconds 
  Import took 0.017577 seconds .

========================================================================
Received Import Request.
  Time since last request: 6.535265 seconds.
  path: Assets/Resources/Player.prefab
  artifactKey: Guid(50942d02591df5144840ff05a033e138) Importer(815301076,1909f56bfc062723c751e8b465ee728b)
Start importing Assets/Resources/Player.prefab using Guid(50942d02591df5144840ff05a033e138) Importer(815301076,1909f56bfc062723c751e8b465ee728b)  -> (artifact id: '6e4ca3b9667644ab8a540e0f318c7d42') in 0.011071 seconds 
  Import took 0.015355 seconds .

========================================================================
Received Import Request.
  Time since last request: 24.136449 seconds.
  path: Assets/Resources/Player.prefab
  artifactKey: Guid(50942d02591df5144840ff05a033e138) Importer(815301076,1909f56bfc062723c751e8b465ee728b)
Start importing Assets/Resources/Player.prefab using Guid(50942d02591df5144840ff05a033e138) Importer(815301076,1909f56bfc062723c751e8b465ee728b)  -> (artifact id: '6c5c6f28ac7b29b409e29b7bf226faa5') in 0.012870 seconds 
  Import took 0.017838 seconds .

========================================================================
Received Import Request.
  Time since last request: 15.548860 seconds.
  path: Assets/Resources/Player.prefab
  artifactKey: Guid(50942d02591df5144840ff05a033e138) Importer(815301076,1909f56bfc062723c751e8b465ee728b)
Start importing Assets/Resources/Player.prefab using Guid(50942d02591df5144840ff05a033e138) Importer(815301076,1909f56bfc062723c751e8b465ee728b)  -> (artifact id: '7f1ad8971b5988b8d56386100f5ee816') in 0.012937 seconds 
  Import took 0.017840 seconds .

========================================================================
Received Import Request.
  Time since last request: 5.045237 seconds.
  path: Assets/Resources/Player.prefab
  artifactKey: Guid(50942d02591df5144840ff05a033e138) Importer(815301076,1909f56bfc062723c751e8b465ee728b)
Start importing Assets/Resources/Player.prefab using Guid(50942d02591df5144840ff05a033e138) Importer(815301076,1909f56bfc062723c751e8b465ee728b)  -> (artifact id: 'e399518d3268659e3172b78c85ced64f') in 0.012537 seconds 
  Import took 0.016922 seconds .

========================================================================
Received Import Request.
  Time since last request: 0.384943 seconds.
  path: Assets/Resources/Player.prefab
  artifactKey: Guid(50942d02591df5144840ff05a033e138) Importer(815301076,1909f56bfc062723c751e8b465ee728b)
Start importing Assets/Resources/Player.prefab using Guid(50942d02591df5144840ff05a033e138) Importer(815301076,1909f56bfc062723c751e8b465ee728b)  -> (artifact id: '83642b8ee87d47c7998d5e295a255e8d') in 0.011747 seconds 
  Import took 0.016424 seconds .

========================================================================
Received Import Request.
  Time since last request: 0.386837 seconds.
  path: Assets/Resources/Player.prefab
  artifactKey: Guid(50942d02591df5144840ff05a033e138) Importer(815301076,1909f56bfc062723c751e8b465ee728b)
Start importing Assets/Resources/Player.prefab using Guid(50942d02591df5144840ff05a033e138) Importer(815301076,1909f56bfc062723c751e8b465ee728b)  -> (artifact id: '7f78c3160813f6fa476612ff1c1968de') in 0.013029 seconds 
  Import took 0.017522 seconds .

========================================================================
Received Import Request.
  Time since last request: 1.009098 seconds.
  path: Assets/Resources/Player.prefab
  artifactKey: Guid(50942d02591df5144840ff05a033e138) Importer(815301076,1909f56bfc062723c751e8b465ee728b)
Start importing Assets/Resources/Player.prefab using Guid(50942d02591df5144840ff05a033e138) Importer(815301076,1909f56bfc062723c751e8b465ee728b)  -> (artifact id: 'f47c5ec30a562d5735d2dbf117608d28') in 0.012809 seconds 
  Import took 0.017543 seconds .

========================================================================
Received Import Request.
  Time since last request: 13.418589 seconds.
  path: Assets/Resources/Player.prefab
  artifactKey: Guid(50942d02591df5144840ff05a033e138) Importer(815301076,1909f56bfc062723c751e8b465ee728b)
Start importing Assets/Resources/Player.prefab using Guid(50942d02591df5144840ff05a033e138) Importer(815301076,1909f56bfc062723c751e8b465ee728b)  -> (artifact id: '17c1777c97d7f0b78863b1755bac41f2') in 0.011852 seconds 
  Import took 0.016746 seconds .

========================================================================
Received Import Request.
  Time since last request: 2.004136 seconds.
  path: Assets/Resources/Player.prefab
  artifactKey: Guid(50942d02591df5144840ff05a033e138) Importer(815301076,1909f56bfc062723c751e8b465ee728b)
Start importing Assets/Resources/Player.prefab using Guid(50942d02591df5144840ff05a033e138) Importer(815301076,1909f56bfc062723c751e8b465ee728b)  -> (artifact id: '68222e702e37ef6222dcae8f67dfdfd8') in 0.012414 seconds 
  Import took 0.016907 seconds .

========================================================================
Received Import Request.
  Time since last request: 2.400336 seconds.
  path: Assets/Resources/Player.prefab
  artifactKey: Guid(50942d02591df5144840ff05a033e138) Importer(815301076,1909f56bfc062723c751e8b465ee728b)
Start importing Assets/Resources/Player.prefab using Guid(50942d02591df5144840ff05a033e138) Importer(815301076,1909f56bfc062723c751e8b465ee728b)  -> (artifact id: '53857c434a580cf9f8d3421aca21c3f5') in 0.012218 seconds 
  Import took 0.016705 seconds .

========================================================================
Received Import Request.
  Time since last request: 2.965729 seconds.
  path: Assets/Resources/Player.prefab
  artifactKey: Guid(50942d02591df5144840ff05a033e138) Importer(815301076,1909f56bfc062723c751e8b465ee728b)
Start importing Assets/Resources/Player.prefab using Guid(50942d02591df5144840ff05a033e138) Importer(815301076,1909f56bfc062723c751e8b465ee728b)  -> (artifact id: '563df5e1a6bc477efc6a9e481b687a41') in 0.015357 seconds 
  Import took 0.020101 seconds .

========================================================================
Received Import Request.
  Time since last request: 1.899935 seconds.
  path: Assets/Resources/Player.prefab
  artifactKey: Guid(50942d02591df5144840ff05a033e138) Importer(815301076,1909f56bfc062723c751e8b465ee728b)
Start importing Assets/Resources/Player.prefab using Guid(50942d02591df5144840ff05a033e138) Importer(815301076,1909f56bfc062723c751e8b465ee728b)  -> (artifact id: '885404d3b6dce8af24d34aedd3ef8dfb') in 0.015055 seconds 
  Import took 0.019209 seconds .

========================================================================
Received Import Request.
  Time since last request: 1.710311 seconds.
  path: Assets/Resources/Player.prefab
  artifactKey: Guid(50942d02591df5144840ff05a033e138) Importer(815301076,1909f56bfc062723c751e8b465ee728b)
Start importing Assets/Resources/Player.prefab using Guid(50942d02591df5144840ff05a033e138) Importer(815301076,1909f56bfc062723c751e8b465ee728b)  -> (artifact id: '7b497081ebee64bcf007db0e909ff32c') in 0.013439 seconds 
  Import took 0.017351 seconds .

========================================================================
Received Import Request.
  Time since last request: 3.214681 seconds.
  path: Assets/Photon/PhotonUnityNetworking/Demos/Shared Assets/Skin/eurof35.ttf
  artifactKey: Guid(954746d370bc8934299c8c8267543f4f) Importer(815301076,1909f56bfc062723c751e8b465ee728b)
Start importing Assets/Photon/PhotonUnityNetworking/Demos/Shared Assets/Skin/eurof35.ttf using Guid(954746d370bc8934299c8c8267543f4f) Importer(815301076,1909f56bfc062723c751e8b465ee728b)  -> (artifact id: 'c570a95b741a48f3e2cb1266f0204deb') in 0.067892 seconds 
  Import took 0.072629 seconds .

========================================================================
Received Import Request.
  Time since last request: 0.000261 seconds.
  path: Assets/Photon/PhotonUnityNetworking/Demos/Shared Assets/Skin/Orbitron Black.ttf
  artifactKey: Guid(495c9e2a934bcc640a8d7427b13cb680) Importer(815301076,1909f56bfc062723c751e8b465ee728b)
Start importing Assets/Photon/PhotonUnityNetworking/Demos/Shared Assets/Skin/Orbitron Black.ttf using Guid(495c9e2a934bcc640a8d7427b13cb680) Importer(815301076,1909f56bfc062723c751e8b465ee728b)  -> (artifact id: '520cb59120e0cbbd82a75443a83e5c4e') in 0.033536 seconds 
  Import took 0.038786 seconds .

========================================================================
Received Import Request.
  Time since last request: 0.000202 seconds.
  path: Assets/Photon/PhotonRealtime/Demos/DemoLoadBalancing/Jura-Medium-LB.ttf
  artifactKey: Guid(4a4df204c321f9c40b0dbfb1baaffb4c) Importer(815301076,1909f56bfc062723c751e8b465ee728b)
Start importing Assets/Photon/PhotonRealtime/Demos/DemoLoadBalancing/Jura-Medium-LB.ttf using Guid(4a4df204c321f9c40b0dbfb1baaffb4c) Importer(815301076,1909f56bfc062723c751e8b465ee728b)  -> (artifact id: '8ec99c52910b9f0c0ed12d3bf0a4dcf9') in 0.075040 seconds 
  Import took 0.078727 seconds .

========================================================================
Received Import Request.
  Time since last request: 0.001282 seconds.
  path: Assets/Photon/PhotonUnityNetworking/Demos/Shared Assets/Skin/Jura-Medium.ttf
  artifactKey: Guid(e00995507c2406448b4c8429136104dd) Importer(815301076,1909f56bfc062723c751e8b465ee728b)
Start importing Assets/Photon/PhotonUnityNetworking/Demos/Shared Assets/Skin/Jura-Medium.ttf using Guid(e00995507c2406448b4c8429136104dd) Importer(815301076,1909f56bfc062723c751e8b465ee728b)  -> (artifact id: '11c4d66fd2c22c493179092471e345ec') in 0.024006 seconds 
  Import took 0.029328 seconds .

========================================================================
Received Import Request.
  Time since last request: 1.696016 seconds.
  path: Assets/Resources/Player.prefab
  artifactKey: Guid(50942d02591df5144840ff05a033e138) Importer(815301076,1909f56bfc062723c751e8b465ee728b)
Start importing Assets/Resources/Player.prefab using Guid(50942d02591df5144840ff05a033e138) Importer(815301076,1909f56bfc062723c751e8b465ee728b)  -> (artifact id: '236d69988a07de5029f905763824f036') in 0.012850 seconds 
  Import took 0.017468 seconds .

========================================================================
Received Import Request.
  Time since last request: 1.589116 seconds.
  path: Assets/Resources/Player.prefab
  artifactKey: Guid(50942d02591df5144840ff05a033e138) Importer(815301076,1909f56bfc062723c751e8b465ee728b)
Start importing Assets/Resources/Player.prefab using Guid(50942d02591df5144840ff05a033e138) Importer(815301076,1909f56bfc062723c751e8b465ee728b)  -> (artifact id: '0f9c9cee489d4f1d5cee6433666fc34b') in 0.016220 seconds 
  Import took 0.021761 seconds .

========================================================================
Received Import Request.
  Time since last request: 1.385551 seconds.
  path: Assets/Resources/Player.prefab
  artifactKey: Guid(50942d02591df5144840ff05a033e138) Importer(815301076,1909f56bfc062723c751e8b465ee728b)
Start importing Assets/Resources/Player.prefab using Guid(50942d02591df5144840ff05a033e138) Importer(815301076,1909f56bfc062723c751e8b465ee728b)  -> (artifact id: '0c1da731909cc6e0c983bead6bab6e47') in 0.013899 seconds 
  Import took 0.018566 seconds .

========================================================================
Received Import Request.
  Time since last request: 3.010214 seconds.
  path: Assets/Resources/Player.prefab
  artifactKey: Guid(50942d02591df5144840ff05a033e138) Importer(815301076,1909f56bfc062723c751e8b465ee728b)
Start importing Assets/Resources/Player.prefab using Guid(50942d02591df5144840ff05a033e138) Importer(815301076,1909f56bfc062723c751e8b465ee728b)  -> (artifact id: 'c64c26fc417c6c971242684f506dd8e0') in 0.015323 seconds 
  Import took 0.020772 seconds .

========================================================================
Received Import Request.
  Time since last request: 1.186786 seconds.
  path: Assets/Resources/Player.prefab
  artifactKey: Guid(50942d02591df5144840ff05a033e138) Importer(815301076,1909f56bfc062723c751e8b465ee728b)
Start importing Assets/Resources/Player.prefab using Guid(50942d02591df5144840ff05a033e138) Importer(815301076,1909f56bfc062723c751e8b465ee728b)  -> (artifact id: '08fd09c0c98b079da4841b1965e0ecd1') in 0.012733 seconds 
  Import took 0.017228 seconds .

========================================================================
Received Import Request.
  Time since last request: 7.719079 seconds.
  path: Assets/Resources/Player.prefab
  artifactKey: Guid(50942d02591df5144840ff05a033e138) Importer(815301076,1909f56bfc062723c751e8b465ee728b)
Start importing Assets/Resources/Player.prefab using Guid(50942d02591df5144840ff05a033e138) Importer(815301076,1909f56bfc062723c751e8b465ee728b)  -> (artifact id: '248717dc711171fee39012a540da64da') in 0.013637 seconds 
  Import took 0.017945 seconds .

========================================================================
Received Import Request.
  Time since last request: 3.431208 seconds.
  path: Assets/Resources/Player.prefab
  artifactKey: Guid(50942d02591df5144840ff05a033e138) Importer(815301076,1909f56bfc062723c751e8b465ee728b)
Start importing Assets/Resources/Player.prefab using Guid(50942d02591df5144840ff05a033e138) Importer(815301076,1909f56bfc062723c751e8b465ee728b)  -> (artifact id: 'b45e8ee1c2575b099f353db7eccd0a52') in 0.012417 seconds 
  Import took 0.016743 seconds .

========================================================================
Received Import Request.
  Time since last request: 0.994517 seconds.
  path: Assets/Resources/Player.prefab
  artifactKey: Guid(50942d02591df5144840ff05a033e138) Importer(815301076,1909f56bfc062723c751e8b465ee728b)
Start importing Assets/Resources/Player.prefab using Guid(50942d02591df5144840ff05a033e138) Importer(815301076,1909f56bfc062723c751e8b465ee728b)  -> (artifact id: '272724b993c7a8742928a9e2079cc8e4') in 0.012426 seconds 
  Import took 0.016810 seconds .

========================================================================
Received Import Request.
  Time since last request: 3.234164 seconds.
  path: Assets/Resources/Player.prefab
  artifactKey: Guid(50942d02591df5144840ff05a033e138) Importer(815301076,1909f56bfc062723c751e8b465ee728b)
Start importing Assets/Resources/Player.prefab using Guid(50942d02591df5144840ff05a033e138) Importer(815301076,1909f56bfc062723c751e8b465ee728b)  -> (artifact id: 'c06f85fd39d20ef8fe189e7a2e861a49') in 0.013164 seconds 
  Import took 0.017576 seconds .

========================================================================
Received Import Request.
  Time since last request: 23.161001 seconds.
  path: Assets/Resources/Player.prefab
  artifactKey: Guid(50942d02591df5144840ff05a033e138) Importer(815301076,1909f56bfc062723c751e8b465ee728b)
Start importing Assets/Resources/Player.prefab using Guid(50942d02591df5144840ff05a033e138) Importer(815301076,1909f56bfc062723c751e8b465ee728b)  -> (artifact id: '0940e4e79e024f865463c08192b88f4f') in 0.012051 seconds 
  Import took 0.016370 seconds .

========================================================================
Received Import Request.
  Time since last request: 25.606975 seconds.
  path: Assets/Scripts/PlayerScript.cs
  artifactKey: Guid(d96f4ac4e442c9c4b8ac67dab913dbde) Importer(815301076,1909f56bfc062723c751e8b465ee728b)
Start importing Assets/Scripts/PlayerScript.cs using Guid(d96f4ac4e442c9c4b8ac67dab913dbde) Importer(815301076,1909f56bfc062723c751e8b465ee728b)  -> (artifact id: 'cadc93d318c313df6c9d3ba1bbce696e') in 0.020462 seconds 
  Import took 0.024521 seconds .

========================================================================
Received Prepare
Registering precompiled user dll's ...
Registered in 0.015537 seconds.
Begin MonoManager ReloadAssembly
Native extension for WindowsStandalone target not found
Refreshing native plugins compatible for Editor in 0.85 ms, found 3 plugins.
Preloading 0 native plugins for Editor in 0.00 ms.
Mono: successfully reloaded assembly
- Completed reload, in  1.155 seconds
Domain Reload Profiling:
	ReloadAssembly (1155ms)
		BeginReloadAssembly (155ms)
			ExecutionOrderSort (0ms)
			DisableScriptedObjects (5ms)
			BackupInstance (0ms)
			ReleaseScriptingObjects (0ms)
			CreateAndSetChildDomain (41ms)
		EndReloadAssembly (930ms)
			LoadAssemblies (143ms)
			RebuildTransferFunctionScriptingTraits (0ms)
			SetupTypeCache (299ms)
			ReleaseScriptCaches (1ms)
			RebuildScriptCaches (45ms)
			SetupLoadedEditorAssemblies (348ms)
				LogAssemblyErrors (0ms)
				InitializePlatformSupportModulesInManaged (6ms)
				SetLoadedEditorAssemblies (1ms)
				RefreshPlugins (1ms)
				BeforeProcessingInitializeOnLoad (103ms)
				ProcessInitializeOnLoadAttributes (214ms)
				ProcessInitializeOnLoadMethodAttributes (12ms)
				AfterProcessingInitializeOnLoad (12ms)
				EditorAssembliesLoaded (0ms)
			ExecutionOrderSort2 (0ms)
			AwakeInstancesAfterBackupRestoration (9ms)
Platform modules already initialized, skipping
Switching build target platform(19) subTarget(0) extendedPlatform(0) -> platform(13) subTarget(537395200) extendedPlatform(0)
Refreshing native plugins compatible for Editor in 0.70 ms, found 3 plugins.
Preloading 0 native plugins for Editor in 0.00 ms.
Unloading 2571 Unused Serialized files (Serialized files now loaded: 0)
System memory in use before: 111.4 MB.
System memory in use after: 111.6 MB.

Unloading 23 unused Assets to reduce memory usage. Loaded Objects now: 3060.
Total: 4.414000 ms (FindLiveObjects: 0.253600 ms CreateObjectMapping: 0.066100 ms MarkObjects: 4.070500 ms  DeleteObjects: 0.022300 ms)

AssetImportParameters requested are different than current active one (requested -> active):
  custom:framework-win-MediaFoundation: 216162199b28c13a410421893ffa2e32 -> 
  custom:video-decoder-ogg-theora: a1e56fd34408186e4bbccfd4996cb3dc -> 
  custom:container-muxer-webm: aa71ff27fc2769a1b78a27578f13a17b -> 
  custom:container-demuxer-webm: 4f35f7cbe854078d1ac9338744f61a02 -> 
  custom:container-demuxer-ogg: 62fdf1f143b41e24485cea50d1cbac27 -> 
  custom:video-encoder-webm-vp8: eb34c28f22e8b96e1ab97ce403110664 -> 
  custom:video-decoder-webm-vp8: 9c59270c3fd7afecdb556c50c9e8de78 -> 
  custom:graphics/normal-map-encoding: 01000000000000000000000000000000 -> 02000000000000000000000000000000
  custom:audio-decoder-ogg-vorbis: bf7c407c2cedff20999df2af8eb42d56 -> 
  custom:audio-encoder-webm-vorbis: bf7c407c2cedff20999df2af8eb42d56 -> 
========================================================================
Received Import Request.
  Time since last request: 64.633134 seconds.
  path: Assets/Scripts/PlayerScript.cs
  artifactKey: Guid(d96f4ac4e442c9c4b8ac67dab913dbde) Importer(815301076,1909f56bfc062723c751e8b465ee728b)
Start importing Assets/Scripts/PlayerScript.cs using Guid(d96f4ac4e442c9c4b8ac67dab913dbde) Importer(815301076,1909f56bfc062723c751e8b465ee728b)  -> (artifact id: '42bfc5e947405eaf13b1511b3cd742c1') in 0.007152 seconds 
  Import took 0.011936 seconds .

========================================================================
Received Prepare
Registering precompiled user dll's ...
Registered in 0.013868 seconds.
Begin MonoManager ReloadAssembly
Native extension for WindowsStandalone target not found
Refreshing native plugins compatible for Editor in 0.62 ms, found 3 plugins.
Preloading 0 native plugins for Editor in 0.00 ms.
Mono: successfully reloaded assembly
- Completed reload, in  1.087 seconds
Domain Reload Profiling:
	ReloadAssembly (1088ms)
		BeginReloadAssembly (141ms)
			ExecutionOrderSort (0ms)
			DisableScriptedObjects (6ms)
			BackupInstance (0ms)
			ReleaseScriptingObjects (0ms)
			CreateAndSetChildDomain (37ms)
		EndReloadAssembly (879ms)
			LoadAssemblies (132ms)
			RebuildTransferFunctionScriptingTraits (0ms)
			SetupTypeCache (284ms)
			ReleaseScriptCaches (1ms)
			RebuildScriptCaches (42ms)
			SetupLoadedEditorAssemblies (324ms)
				LogAssemblyErrors (0ms)
				InitializePlatformSupportModulesInManaged (5ms)
				SetLoadedEditorAssemblies (0ms)
				RefreshPlugins (1ms)
				BeforeProcessingInitializeOnLoad (92ms)
				ProcessInitializeOnLoadAttributes (201ms)
				ProcessInitializeOnLoadMethodAttributes (12ms)
				AfterProcessingInitializeOnLoad (12ms)
				EditorAssembliesLoaded (0ms)
			ExecutionOrderSort2 (0ms)
			AwakeInstancesAfterBackupRestoration (8ms)
Platform modules already initialized, skipping
Switching build target platform(19) subTarget(0) extendedPlatform(0) -> platform(13) subTarget(537395200) extendedPlatform(0)
Refreshing native plugins compatible for Editor in 0.67 ms, found 3 plugins.
Preloading 0 native plugins for Editor in 0.00 ms.
Unloading 2571 Unused Serialized files (Serialized files now loaded: 0)
System memory in use before: 111.4 MB.
System memory in use after: 111.7 MB.

Unloading 23 unused Assets to reduce memory usage. Loaded Objects now: 3063.
Total: 3.252800 ms (FindLiveObjects: 0.328400 ms CreateObjectMapping: 0.065300 ms MarkObjects: 2.835500 ms  DeleteObjects: 0.022300 ms)

AssetImportParameters requested are different than current active one (requested -> active):
  custom:framework-win-MediaFoundation: 216162199b28c13a410421893ffa2e32 -> 
  custom:video-decoder-ogg-theora: a1e56fd34408186e4bbccfd4996cb3dc -> 
  custom:container-muxer-webm: aa71ff27fc2769a1b78a27578f13a17b -> 
  custom:container-demuxer-webm: 4f35f7cbe854078d1ac9338744f61a02 -> 
  custom:container-demuxer-ogg: 62fdf1f143b41e24485cea50d1cbac27 -> 
  custom:video-encoder-webm-vp8: eb34c28f22e8b96e1ab97ce403110664 -> 
  custom:video-decoder-webm-vp8: 9c59270c3fd7afecdb556c50c9e8de78 -> 
  custom:graphics/normal-map-encoding: 01000000000000000000000000000000 -> 02000000000000000000000000000000
  custom:audio-decoder-ogg-vorbis: bf7c407c2cedff20999df2af8eb42d56 -> 
  custom:audio-encoder-webm-vorbis: bf7c407c2cedff20999df2af8eb42d56 -> 
========================================================================
Received Import Request.
  Time since last request: 30.210380 seconds.
  path: Assets/Scripts/PlayerScript.cs
  artifactKey: Guid(d96f4ac4e442c9c4b8ac67dab913dbde) Importer(815301076,1909f56bfc062723c751e8b465ee728b)
Start importing Assets/Scripts/PlayerScript.cs using Guid(d96f4ac4e442c9c4b8ac67dab913dbde) Importer(815301076,1909f56bfc062723c751e8b465ee728b)  -> (artifact id: '54a815ba86744536c96d6b91800f9e00') in 0.008505 seconds 
  Import took 0.013033 seconds .

========================================================================
Received Prepare
Registering precompiled user dll's ...
Registered in 0.011131 seconds.
Begin MonoManager ReloadAssembly
Native extension for WindowsStandalone target not found
Refreshing native plugins compatible for Editor in 0.65 ms, found 3 plugins.
Preloading 0 native plugins for Editor in 0.00 ms.
Mono: successfully reloaded assembly
- Completed reload, in  1.038 seconds
Domain Reload Profiling:
	ReloadAssembly (1039ms)
		BeginReloadAssembly (128ms)
			ExecutionOrderSort (0ms)
			DisableScriptedObjects (5ms)
			BackupInstance (0ms)
			ReleaseScriptingObjects (0ms)
			CreateAndSetChildDomain (32ms)
		EndReloadAssembly (846ms)
			LoadAssemblies (125ms)
			RebuildTransferFunctionScriptingTraits (0ms)
			SetupTypeCache (268ms)
			ReleaseScriptCaches (1ms)
			RebuildScriptCaches (39ms)
			SetupLoadedEditorAssemblies (306ms)
				LogAssemblyErrors (0ms)
				InitializePlatformSupportModulesInManaged (4ms)
				SetLoadedEditorAssemblies (0ms)
				RefreshPlugins (1ms)
				BeforeProcessingInitializeOnLoad (86ms)
				ProcessInitializeOnLoadAttributes (187ms)
				ProcessInitializeOnLoadMethodAttributes (15ms)
				AfterProcessingInitializeOnLoad (12ms)
				EditorAssembliesLoaded (0ms)
			ExecutionOrderSort2 (0ms)
			AwakeInstancesAfterBackupRestoration (7ms)
Platform modules already initialized, skipping
Switching build target platform(19) subTarget(0) extendedPlatform(0) -> platform(13) subTarget(537395200) extendedPlatform(0)
Refreshing native plugins compatible for Editor in 0.64 ms, found 3 plugins.
Preloading 0 native plugins for Editor in 0.00 ms.
Unloading 2571 Unused Serialized files (Serialized files now loaded: 0)
System memory in use before: 111.5 MB.
System memory in use after: 111.7 MB.

Unloading 23 unused Assets to reduce memory usage. Loaded Objects now: 3066.
Total: 3.018800 ms (FindLiveObjects: 0.256100 ms CreateObjectMapping: 0.083500 ms MarkObjects: 2.664400 ms  DeleteObjects: 0.013800 ms)

AssetImportParameters requested are different than current active one (requested -> active):
  custom:framework-win-MediaFoundation: 216162199b28c13a410421893ffa2e32 -> 
  custom:video-decoder-ogg-theora: a1e56fd34408186e4bbccfd4996cb3dc -> 
  custom:container-muxer-webm: aa71ff27fc2769a1b78a27578f13a17b -> 
  custom:container-demuxer-webm: 4f35f7cbe854078d1ac9338744f61a02 -> 
  custom:container-demuxer-ogg: 62fdf1f143b41e24485cea50d1cbac27 -> 
  custom:video-encoder-webm-vp8: eb34c28f22e8b96e1ab97ce403110664 -> 
  custom:video-decoder-webm-vp8: 9c59270c3fd7afecdb556c50c9e8de78 -> 
  custom:graphics/normal-map-encoding: 01000000000000000000000000000000 -> 02000000000000000000000000000000
  custom:audio-decoder-ogg-vorbis: bf7c407c2cedff20999df2af8eb42d56 -> 
  custom:audio-encoder-webm-vorbis: bf7c407c2cedff20999df2af8eb42d56 -> 
========================================================================
Received Import Request.
  Time since last request: 1735.001180 seconds.
  path: Assets/Scripts/NetworkManager.cs
  artifactKey: Guid(6416def9b98902141a8ff74920919b27) Importer(815301076,1909f56bfc062723c751e8b465ee728b)
Start importing Assets/Scripts/NetworkManager.cs using Guid(6416def9b98902141a8ff74920919b27) Importer(815301076,1909f56bfc062723c751e8b465ee728b)  -> (artifact id: 'e448513fa61f76e553ea459a2e49965b') in 0.011659 seconds 
  Import took 0.015988 seconds .

========================================================================
Received Import Request.
  Time since last request: 2.521995 seconds.
  path: Assets/Scripts/Star.cs
  artifactKey: Guid(eff6bf07ac20604409fbb419e4a5a85a) Importer(815301076,1909f56bfc062723c751e8b465ee728b)
Start importing Assets/Scripts/Star.cs using Guid(eff6bf07ac20604409fbb419e4a5a85a) Importer(815301076,1909f56bfc062723c751e8b465ee728b)  -> (artifact id: 'd1cbf90caa5b82a7e69527b48f878105') in 0.007134 seconds 
  Import took 0.011804 seconds .

AssetImportWorkerClient::OnTransportError - code=2 error=End of file
