Using pre-set license
Built from '2020.3/staging' branch; Version is '2020.3.25f1 (9b9180224418) revision 10195328'; Using compiler version '192528614'; Build Type 'Release'
OS: 'Windows 10  (10.0.19043) 64bit Core' Language: 'ko' Physical Memory: 16333 MB
BatchMode: 1, IsHumanControllingUs: 0, StartBugReporterOnCrash: 0, Is64bit: 1, IsPro: 0

COMMAND LINE ARGUMENTS:
C:\Program Files\Unity\Hub\Editor\2020.3.25f1\Editor\Unity.exe
-adb2
-batchMode
-noUpm
-name
AssetImportWorker0
-projectPath
C:/Users/HUEYOUL2/Unity/Let me Bounce
-logFile
Logs/AssetImportWorker0.log
-srvPort
55420
Successfully changed project path to: C:/Users/HUEYOUL2/Unity/Let me Bounce
C:/Users/HUEYOUL2/Unity/Let me Bounce
Using Asset Import Pipeline V2.
Refreshing native plugins compatible for Editor in 57.80 ms, found 3 plugins.
Preloading 0 native plugins for Editor in 0.00 ms.
Initialize engine version: 2020.3.25f1 (9b9180224418)
[Subsystems] Discovering subsystems at path C:/Program Files/Unity/Hub/Editor/2020.3.25f1/Editor/Data/Resources/UnitySubsystems
[Subsystems] Discovering subsystems at path C:/Users/HUEYOUL2/Unity/Let me Bounce/Assets
GfxDevice: creating device client; threaded=0
Direct3D:
    Version:  Direct3D 11.0 [level 11.1]
    Renderer: NVIDIA GeForce RTX 2070 SUPER (ID=0x1e84)
    Vendor:   
    VRAM:     8011 MB
    Driver:   30.0.14.9649
Initialize mono
Mono path[0] = 'C:/Program Files/Unity/Hub/Editor/2020.3.25f1/Editor/Data/Managed'
Mono path[1] = 'C:/Program Files/Unity/Hub/Editor/2020.3.25f1/Editor/Data/MonoBleedingEdge/lib/mono/unityjit'
Mono config path = 'C:/Program Files/Unity/Hub/Editor/2020.3.25f1/Editor/Data/MonoBleedingEdge/etc'
Using monoOptions --debugger-agent=transport=dt_socket,embedding=1,server=y,suspend=n,address=127.0.0.1:56560
Begin MonoManager ReloadAssembly
Registering precompiled unity dll's ...
Register platform support module: C:/Program Files/Unity/Hub/Editor/2020.3.25f1/Editor/Data/PlaybackEngines/WindowsStandaloneSupport/UnityEditor.WindowsStandalone.Extensions.dll
Registered in 0.002630 seconds.
Native extension for WindowsStandalone target not found
Refreshing native plugins compatible for Editor in 55.18 ms, found 3 plugins.
Preloading 0 native plugins for Editor in 0.00 ms.
Mono: successfully reloaded assembly
- Completed reload, in  0.615 seconds
Domain Reload Profiling:
	ReloadAssembly (615ms)
		BeginReloadAssembly (57ms)
			ExecutionOrderSort (0ms)
			DisableScriptedObjects (0ms)
			BackupInstance (0ms)
			ReleaseScriptingObjects (0ms)
			CreateAndSetChildDomain (1ms)
		EndReloadAssembly (477ms)
			LoadAssemblies (54ms)
			RebuildTransferFunctionScriptingTraits (0ms)
			SetupTypeCache (156ms)
			ReleaseScriptCaches (0ms)
			RebuildScriptCaches (29ms)
			SetupLoadedEditorAssemblies (183ms)
				LogAssemblyErrors (0ms)
				InitializePlatformSupportModulesInManaged (4ms)
				SetLoadedEditorAssemblies (0ms)
				RefreshPlugins (55ms)
				BeforeProcessingInitializeOnLoad (9ms)
				ProcessInitializeOnLoadAttributes (84ms)
				ProcessInitializeOnLoadMethodAttributes (30ms)
				AfterProcessingInitializeOnLoad (0ms)
				EditorAssembliesLoaded (0ms)
			ExecutionOrderSort2 (0ms)
			AwakeInstancesAfterBackupRestoration (0ms)
Platform modules already initialized, skipping
Registering precompiled user dll's ...
Registered in 0.012408 seconds.
Begin MonoManager ReloadAssembly
Native extension for WindowsStandalone target not found
Refreshing native plugins compatible for Editor in 57.03 ms, found 3 plugins.
Preloading 0 native plugins for Editor in 0.00 ms.
Mono: successfully reloaded assembly
- Completed reload, in  1.282 seconds
Domain Reload Profiling:
	ReloadAssembly (1283ms)
		BeginReloadAssembly (147ms)
			ExecutionOrderSort (0ms)
			DisableScriptedObjects (5ms)
			BackupInstance (0ms)
			ReleaseScriptingObjects (0ms)
			CreateAndSetChildDomain (21ms)
		EndReloadAssembly (1062ms)
			LoadAssemblies (102ms)
			RebuildTransferFunctionScriptingTraits (0ms)
			SetupTypeCache (348ms)
			ReleaseScriptCaches (1ms)
			RebuildScriptCaches (62ms)
			SetupLoadedEditorAssemblies (408ms)
				LogAssemblyErrors (0ms)
				InitializePlatformSupportModulesInManaged (6ms)
				SetLoadedEditorAssemblies (0ms)
				RefreshPlugins (57ms)
				BeforeProcessingInitializeOnLoad (86ms)
				ProcessInitializeOnLoadAttributes (223ms)
				ProcessInitializeOnLoadMethodAttributes (26ms)
				AfterProcessingInitializeOnLoad (9ms)
				EditorAssembliesLoaded (0ms)
			ExecutionOrderSort2 (0ms)
			AwakeInstancesAfterBackupRestoration (7ms)
Platform modules already initialized, skipping
========================================================================
Worker process is ready to serve import requests
Launched and connected shader compiler UnityShaderCompiler.exe after 0.06 seconds
Refreshing native plugins compatible for Editor in 1.10 ms, found 3 plugins.
Preloading 0 native plugins for Editor in 0.00 ms.
Unloading 2416 Unused Serialized files (Serialized files now loaded: 0)
System memory in use before: 103.5 MB.
System memory in use after: 103.7 MB.

Unloading 34 unused Assets to reduce memory usage. Loaded Objects now: 2844.
Total: 4.937200 ms (FindLiveObjects: 0.335200 ms CreateObjectMapping: 0.073200 ms MarkObjects: 4.428900 ms  DeleteObjects: 0.096700 ms)

AssetImportParameters requested are different than current active one (requested -> active):
  custom:framework-win-MediaFoundation: 216162199b28c13a410421893ffa2e32 -> 
  custom:video-decoder-ogg-theora: a1e56fd34408186e4bbccfd4996cb3dc -> 
  custom:container-muxer-webm: aa71ff27fc2769a1b78a27578f13a17b -> 
  custom:container-demuxer-webm: 4f35f7cbe854078d1ac9338744f61a02 -> 
  custom:container-demuxer-ogg: 62fdf1f143b41e24485cea50d1cbac27 -> 
  custom:video-encoder-webm-vp8: eb34c28f22e8b96e1ab97ce403110664 -> 
  custom:video-decoder-webm-vp8: 9c59270c3fd7afecdb556c50c9e8de78 -> 
  custom:audio-decoder-ogg-vorbis: bf7c407c2cedff20999df2af8eb42d56 -> 
  custom:audio-encoder-webm-vorbis: bf7c407c2cedff20999df2af8eb42d56 -> 
========================================================================
Received Import Request.
  path: Assets/Photon/PhotonUnityNetworking/Resources/PhotonServerSettings.asset
  artifactKey: Guid(bbc8fe1fc19f2ca449fdf34369b50a2d) Importer(815301076,1909f56bfc062723c751e8b465ee728b)
Start importing Assets/Photon/PhotonUnityNetworking/Resources/PhotonServerSettings.asset using Guid(bbc8fe1fc19f2ca449fdf34369b50a2d) Importer(815301076,1909f56bfc062723c751e8b465ee728b)  -> (artifact id: 'd05281b0fc4a59c4809ed22caac45cb7') in 0.039063 seconds 
  Import took 0.043474 seconds .

========================================================================
Received Import Request.
  Time since last request: 79.015287 seconds.
  path: Assets/New Folder
  artifactKey: Guid(ea9c4561fb4442d4483db3b5f3af4a77) Importer(815301076,1909f56bfc062723c751e8b465ee728b)
Start importing Assets/New Folder using Guid(ea9c4561fb4442d4483db3b5f3af4a77) Importer(815301076,1909f56bfc062723c751e8b465ee728b)  -> (artifact id: '44ee27a154c8a2b75085d23c45adb2c4') in 0.010789 seconds 
  Import took 0.014904 seconds .

========================================================================
Received Import Request.
  Time since last request: 6.045307 seconds.
  path: Assets/Resources
  artifactKey: Guid(ea9c4561fb4442d4483db3b5f3af4a77) Importer(815301076,1909f56bfc062723c751e8b465ee728b)
Start importing Assets/Resources using Guid(ea9c4561fb4442d4483db3b5f3af4a77) Importer(815301076,1909f56bfc062723c751e8b465ee728b)  -> (artifact id: '7b55c0bc945e1c16b3e66d70d9f64079') in 0.007763 seconds 
  Import took 0.012281 seconds .

========================================================================
Received Import Request.
  Time since last request: 14.390188 seconds.
  path: Assets/Resources/ETC
  artifactKey: Guid(16c3dc175b7e5784e9a07a0be3a713d9) Importer(815301076,1909f56bfc062723c751e8b465ee728b)
Start importing Assets/Resources/ETC using Guid(16c3dc175b7e5784e9a07a0be3a713d9) Importer(815301076,1909f56bfc062723c751e8b465ee728b)  -> (artifact id: 'ed08516e49d44d0f425303701c219d54') in 0.009001 seconds 
  Import took 0.012989 seconds .

========================================================================
Received Import Request.
  Time since last request: 13.247785 seconds.
  path: Assets/Resources/ETC/바운스볼 이미지.png
  artifactKey: Guid(79b104f2e1e5eb04dbf2726f435f3f28) Importer(815301076,1909f56bfc062723c751e8b465ee728b)
Start importing Assets/Resources/ETC/바운스볼 이미지.png using Guid(79b104f2e1e5eb04dbf2726f435f3f28) Importer(815301076,1909f56bfc062723c751e8b465ee728b)  -> (artifact id: 'a7764ebf1140e25b1ee02038467dfb6c') in 0.113026 seconds 
  Import took 0.117980 seconds .

========================================================================
Received Import Request.
  Time since last request: 38.263375 seconds.
  path: Assets/Resources/ETC/바운스볼 이미지.png
  artifactKey: Guid(79b104f2e1e5eb04dbf2726f435f3f28) Importer(815301076,1909f56bfc062723c751e8b465ee728b)
Start importing Assets/Resources/ETC/바운스볼 이미지.png using Guid(79b104f2e1e5eb04dbf2726f435f3f28) Importer(815301076,1909f56bfc062723c751e8b465ee728b)  -> (artifact id: 'c0496de81731231701691b58b2810ef3') in 0.028804 seconds 
  Import took 0.036581 seconds .

========================================================================
Received Import Request.
  Time since last request: 202.467885 seconds.
  path: Assets/Resources/ETC/바운스볼 이미지.png
  artifactKey: Guid(79b104f2e1e5eb04dbf2726f435f3f28) Importer(815301076,1909f56bfc062723c751e8b465ee728b)
Start importing Assets/Resources/ETC/바운스볼 이미지.png using Guid(79b104f2e1e5eb04dbf2726f435f3f28) Importer(815301076,1909f56bfc062723c751e8b465ee728b)  -> (artifact id: '871c1373cece56bf258a37a9bea20973') in 0.016177 seconds 
  Import took 0.020724 seconds .

========================================================================
Received Import Request.
  Time since last request: 65.513874 seconds.
  path: Assets/Resources/ETC/바운스볼 이미지.png
  artifactKey: Guid(79b104f2e1e5eb04dbf2726f435f3f28) Importer(815301076,1909f56bfc062723c751e8b465ee728b)
Start importing Assets/Resources/ETC/바운스볼 이미지.png using Guid(79b104f2e1e5eb04dbf2726f435f3f28) Importer(815301076,1909f56bfc062723c751e8b465ee728b)  -> (artifact id: '2df1d08133e60f9739297e5571488714') in 0.013477 seconds 
  Import took 0.018228 seconds .

========================================================================
Received Import Request.
  Time since last request: 41.053128 seconds.
  path: Assets/Resources/ETC/바운스볼 이미지.png
  artifactKey: Guid(79b104f2e1e5eb04dbf2726f435f3f28) Importer(815301076,1909f56bfc062723c751e8b465ee728b)
Start importing Assets/Resources/ETC/바운스볼 이미지.png using Guid(79b104f2e1e5eb04dbf2726f435f3f28) Importer(815301076,1909f56bfc062723c751e8b465ee728b)  -> (artifact id: '699945221ead5d23ae4f963f80b4bc3a') in 0.015312 seconds 
  Import took 0.019375 seconds .

========================================================================
Received Import Request.
  Time since last request: 24.935578 seconds.
  path: Assets/Resources/ETC/바운스볼 이미지.png
  artifactKey: Guid(79b104f2e1e5eb04dbf2726f435f3f28) Importer(815301076,1909f56bfc062723c751e8b465ee728b)
Start importing Assets/Resources/ETC/바운스볼 이미지.png using Guid(79b104f2e1e5eb04dbf2726f435f3f28) Importer(815301076,1909f56bfc062723c751e8b465ee728b)  -> (artifact id: '00183e1d959728815557fdcf4e8939a8') in 0.018964 seconds 
  Import took 0.023096 seconds .

========================================================================
Received Import Request.
  Time since last request: 10.510422 seconds.
  path: Assets/Resources/ETC/바운스볼 이미지.png
  artifactKey: Guid(79b104f2e1e5eb04dbf2726f435f3f28) Importer(815301076,1909f56bfc062723c751e8b465ee728b)
Start importing Assets/Resources/ETC/바운스볼 이미지.png using Guid(79b104f2e1e5eb04dbf2726f435f3f28) Importer(815301076,1909f56bfc062723c751e8b465ee728b)  -> (artifact id: '379359ae14e20b66895c84d61bcfca11') in 0.015268 seconds 
  Import took 0.019967 seconds .

========================================================================
Received Import Request.
  Time since last request: 87.916094 seconds.
  path: Assets/Resources/ETC/바운스볼 이미지.png
  artifactKey: Guid(79b104f2e1e5eb04dbf2726f435f3f28) Importer(815301076,1909f56bfc062723c751e8b465ee728b)
Start importing Assets/Resources/ETC/바운스볼 이미지.png using Guid(79b104f2e1e5eb04dbf2726f435f3f28) Importer(815301076,1909f56bfc062723c751e8b465ee728b)  -> (artifact id: '068e0754bdf20f7cdead5d82f0672b0f') in 0.016598 seconds 
  Import took 0.020805 seconds .

========================================================================
Received Import Request.
  Time since last request: 41.544245 seconds.
  path: Assets/Resources/ETC/바운스볼 이미지.png
  artifactKey: Guid(79b104f2e1e5eb04dbf2726f435f3f28) Importer(815301076,1909f56bfc062723c751e8b465ee728b)
Start importing Assets/Resources/ETC/바운스볼 이미지.png using Guid(79b104f2e1e5eb04dbf2726f435f3f28) Importer(815301076,1909f56bfc062723c751e8b465ee728b)  -> (artifact id: 'a2f8f040b5c5e17f05848725e47323db') in 0.455921 seconds 
  Import took 0.461945 seconds .

========================================================================
Received Import Request.
  Time since last request: 44.256357 seconds.
  path: Assets/Resources/ETC/바운스볼 이미지.png
  artifactKey: Guid(79b104f2e1e5eb04dbf2726f435f3f28) Importer(815301076,1909f56bfc062723c751e8b465ee728b)
Start importing Assets/Resources/ETC/바운스볼 이미지.png using Guid(79b104f2e1e5eb04dbf2726f435f3f28) Importer(815301076,1909f56bfc062723c751e8b465ee728b)  -> (artifact id: '104d9d68a5fefd585d05ed7678c45023') in 0.318636 seconds 
  Import took 0.323300 seconds .

========================================================================
Received Import Request.
  Time since last request: 99.198643 seconds.
  path: Assets/Resources/Palette/Palette.prefab
  artifactKey: Guid(8746283a03c67ce488d7cf7934b6d79a) Importer(815301076,1909f56bfc062723c751e8b465ee728b)
Start importing Assets/Resources/Palette/Palette.prefab using Guid(8746283a03c67ce488d7cf7934b6d79a) Importer(815301076,1909f56bfc062723c751e8b465ee728b)  -> (artifact id: '622a948636183963af45edd948431c2b') in 0.062670 seconds 
  Import took 0.066474 seconds .

========================================================================
Received Import Request.
  Time since last request: 33.319388 seconds.
  path: Assets/Resources/ETC/바운스볼 이미지_0.asset
  artifactKey: Guid(1c6f0a3d72846a04f9b3860295e0012e) Importer(815301076,1909f56bfc062723c751e8b465ee728b)
Start importing Assets/Resources/ETC/바운스볼 이미지_0.asset using Guid(1c6f0a3d72846a04f9b3860295e0012e) Importer(815301076,1909f56bfc062723c751e8b465ee728b)  -> (artifact id: '39e72b166a2a528b51bacf27ecd12f10') in 0.028734 seconds 
  Import took 0.032918 seconds .

========================================================================
Received Import Request.
  Time since last request: 0.000173 seconds.
  path: Assets/Resources/ETC/바운스볼 이미지_2.asset
  artifactKey: Guid(0b16c73f8664ca5428a8a6d4be8012ef) Importer(815301076,1909f56bfc062723c751e8b465ee728b)
Start importing Assets/Resources/ETC/바운스볼 이미지_2.asset using Guid(0b16c73f8664ca5428a8a6d4be8012ef) Importer(815301076,1909f56bfc062723c751e8b465ee728b)  -> (artifact id: '0f36e2bc5016743a37411ad273519f75') in 0.009718 seconds 
  Import took 0.013283 seconds .

========================================================================
Received Import Request.
  Time since last request: 0.000162 seconds.
  path: Assets/Resources/ETC/바운스볼 이미지_4.asset
  artifactKey: Guid(b722e2aad681bc145ad55f60a139a80d) Importer(815301076,1909f56bfc062723c751e8b465ee728b)
Start importing Assets/Resources/ETC/바운스볼 이미지_4.asset using Guid(b722e2aad681bc145ad55f60a139a80d) Importer(815301076,1909f56bfc062723c751e8b465ee728b)  -> (artifact id: 'b93009f0c4b17161adf6e7deefec9e72') in 0.010878 seconds 
  Import took 0.014480 seconds .

========================================================================
Received Import Request.
  Time since last request: 0.000235 seconds.
  path: Assets/Resources/ETC/바운스볼 이미지_3.asset
  artifactKey: Guid(f2e939ff581d8e240aa07f76742d18c2) Importer(815301076,1909f56bfc062723c751e8b465ee728b)
Start importing Assets/Resources/ETC/바운스볼 이미지_3.asset using Guid(f2e939ff581d8e240aa07f76742d18c2) Importer(815301076,1909f56bfc062723c751e8b465ee728b)  -> (artifact id: '8f5941cb7ba6e23b0861ba552f307bde') in 0.009260 seconds 
  Import took 0.013527 seconds .

========================================================================
Received Import Request.
  Time since last request: 0.000195 seconds.
  path: Assets/Resources/ETC/바운스볼 이미지_1.asset
  artifactKey: Guid(1039946c9a7754b42a7f21b03e8aab0c) Importer(815301076,1909f56bfc062723c751e8b465ee728b)
Start importing Assets/Resources/ETC/바운스볼 이미지_1.asset using Guid(1039946c9a7754b42a7f21b03e8aab0c) Importer(815301076,1909f56bfc062723c751e8b465ee728b)  -> (artifact id: '47c7b928b7318fadc56e7a2ea7b5953c') in 0.011822 seconds 
  Import took 0.015586 seconds .

========================================================================
Received Import Request.
  Time since last request: 0.000169 seconds.
  path: Assets/Resources/ETC/바운스볼 이미지_5.asset
  artifactKey: Guid(829cfc14e8bd5ba4ca75ce15e54fb6ea) Importer(815301076,1909f56bfc062723c751e8b465ee728b)
Start importing Assets/Resources/ETC/바운스볼 이미지_5.asset using Guid(829cfc14e8bd5ba4ca75ce15e54fb6ea) Importer(815301076,1909f56bfc062723c751e8b465ee728b)  -> (artifact id: 'b636ab38c6c208eeeaa6ec291d948174') in 0.012101 seconds 
  Import took 0.016638 seconds .

========================================================================
Received Prepare
Registering precompiled user dll's ...
Registered in 0.014492 seconds.
Begin MonoManager ReloadAssembly
Native extension for WindowsStandalone target not found
Refreshing native plugins compatible for Editor in 0.71 ms, found 3 plugins.
Preloading 0 native plugins for Editor in 0.00 ms.
Mono: successfully reloaded assembly
- Completed reload, in  1.140 seconds
Domain Reload Profiling:
	ReloadAssembly (1140ms)
		BeginReloadAssembly (132ms)
			ExecutionOrderSort (0ms)
			DisableScriptedObjects (7ms)
			BackupInstance (0ms)
			ReleaseScriptingObjects (0ms)
			CreateAndSetChildDomain (47ms)
		EndReloadAssembly (927ms)
			LoadAssemblies (111ms)
			RebuildTransferFunctionScriptingTraits (0ms)
			SetupTypeCache (341ms)
			ReleaseScriptCaches (1ms)
			RebuildScriptCaches (51ms)
			SetupLoadedEditorAssemblies (309ms)
				LogAssemblyErrors (0ms)
				InitializePlatformSupportModulesInManaged (5ms)
				SetLoadedEditorAssemblies (0ms)
				RefreshPlugins (1ms)
				BeforeProcessingInitializeOnLoad (76ms)
				ProcessInitializeOnLoadAttributes (201ms)
				ProcessInitializeOnLoadMethodAttributes (16ms)
				AfterProcessingInitializeOnLoad (10ms)
				EditorAssembliesLoaded (0ms)
			ExecutionOrderSort2 (0ms)
			AwakeInstancesAfterBackupRestoration (10ms)
Platform modules already initialized, skipping
Refreshing native plugins compatible for Editor in 0.73 ms, found 3 plugins.
Preloading 0 native plugins for Editor in 0.00 ms.
Unloading 2404 Unused Serialized files (Serialized files now loaded: 0)
System memory in use before: 106.0 MB.
System memory in use after: 106.2 MB.

Unloading 22 unused Assets to reduce memory usage. Loaded Objects now: 2862.
Total: 3.206200 ms (FindLiveObjects: 0.344500 ms CreateObjectMapping: 0.069400 ms MarkObjects: 2.774600 ms  DeleteObjects: 0.016300 ms)

AssetImportParameters requested are different than current active one (requested -> active):
  custom:framework-win-MediaFoundation: 216162199b28c13a410421893ffa2e32 -> 
  custom:video-decoder-ogg-theora: a1e56fd34408186e4bbccfd4996cb3dc -> 
  custom:container-muxer-webm: aa71ff27fc2769a1b78a27578f13a17b -> 
  custom:container-demuxer-webm: 4f35f7cbe854078d1ac9338744f61a02 -> 
  custom:container-demuxer-ogg: 62fdf1f143b41e24485cea50d1cbac27 -> 
  custom:video-encoder-webm-vp8: eb34c28f22e8b96e1ab97ce403110664 -> 
  custom:video-decoder-webm-vp8: 9c59270c3fd7afecdb556c50c9e8de78 -> 
  custom:audio-decoder-ogg-vorbis: bf7c407c2cedff20999df2af8eb42d56 -> 
  custom:audio-encoder-webm-vorbis: bf7c407c2cedff20999df2af8eb42d56 -> 
========================================================================
Received Prepare
Registering precompiled user dll's ...
Registered in 0.007513 seconds.
Begin MonoManager ReloadAssembly
Native extension for WindowsStandalone target not found
Refreshing native plugins compatible for Editor in 0.74 ms, found 3 plugins.
Preloading 0 native plugins for Editor in 0.00 ms.
Mono: successfully reloaded assembly
- Completed reload, in  1.080 seconds
Domain Reload Profiling:
	ReloadAssembly (1081ms)
		BeginReloadAssembly (122ms)
			ExecutionOrderSort (0ms)
			DisableScriptedObjects (7ms)
			BackupInstance (0ms)
			ReleaseScriptingObjects (0ms)
			CreateAndSetChildDomain (41ms)
		EndReloadAssembly (891ms)
			LoadAssemblies (108ms)
			RebuildTransferFunctionScriptingTraits (0ms)
			SetupTypeCache (326ms)
			ReleaseScriptCaches (1ms)
			RebuildScriptCaches (43ms)
			SetupLoadedEditorAssemblies (319ms)
				LogAssemblyErrors (0ms)
				InitializePlatformSupportModulesInManaged (4ms)
				SetLoadedEditorAssemblies (1ms)
				RefreshPlugins (1ms)
				BeforeProcessingInitializeOnLoad (67ms)
				ProcessInitializeOnLoadAttributes (221ms)
				ProcessInitializeOnLoadMethodAttributes (16ms)
				AfterProcessingInitializeOnLoad (9ms)
				EditorAssembliesLoaded (0ms)
			ExecutionOrderSort2 (0ms)
			AwakeInstancesAfterBackupRestoration (9ms)
Platform modules already initialized, skipping
Refreshing native plugins compatible for Editor in 0.94 ms, found 3 plugins.
Preloading 0 native plugins for Editor in 0.00 ms.
Unloading 2405 Unused Serialized files (Serialized files now loaded: 0)
System memory in use before: 106.0 MB.
System memory in use after: 106.2 MB.

Unloading 22 unused Assets to reduce memory usage. Loaded Objects now: 2866.
Total: 5.448800 ms (FindLiveObjects: 0.386000 ms CreateObjectMapping: 0.099500 ms MarkObjects: 4.909100 ms  DeleteObjects: 0.051700 ms)

AssetImportParameters requested are different than current active one (requested -> active):
  custom:framework-win-MediaFoundation: 216162199b28c13a410421893ffa2e32 -> 
  custom:video-decoder-ogg-theora: a1e56fd34408186e4bbccfd4996cb3dc -> 
  custom:container-muxer-webm: aa71ff27fc2769a1b78a27578f13a17b -> 
  custom:container-demuxer-webm: 4f35f7cbe854078d1ac9338744f61a02 -> 
  custom:container-demuxer-ogg: 62fdf1f143b41e24485cea50d1cbac27 -> 
  custom:video-encoder-webm-vp8: eb34c28f22e8b96e1ab97ce403110664 -> 
  custom:video-decoder-webm-vp8: 9c59270c3fd7afecdb556c50c9e8de78 -> 
  custom:audio-decoder-ogg-vorbis: bf7c407c2cedff20999df2af8eb42d56 -> 
  custom:audio-encoder-webm-vorbis: bf7c407c2cedff20999df2af8eb42d56 -> 
========================================================================
Received Prepare
Registering precompiled user dll's ...
Registered in 0.009253 seconds.
Begin MonoManager ReloadAssembly
Native extension for WindowsStandalone target not found
Refreshing native plugins compatible for Editor in 0.77 ms, found 3 plugins.
Preloading 0 native plugins for Editor in 0.00 ms.
Mono: successfully reloaded assembly
- Completed reload, in  1.085 seconds
Domain Reload Profiling:
	ReloadAssembly (1085ms)
		BeginReloadAssembly (128ms)
			ExecutionOrderSort (0ms)
			DisableScriptedObjects (6ms)
			BackupInstance (0ms)
			ReleaseScriptingObjects (0ms)
			CreateAndSetChildDomain (40ms)
		EndReloadAssembly (884ms)
			LoadAssemblies (114ms)
			RebuildTransferFunctionScriptingTraits (0ms)
			SetupTypeCache (319ms)
			ReleaseScriptCaches (1ms)
			RebuildScriptCaches (47ms)
			SetupLoadedEditorAssemblies (308ms)
				LogAssemblyErrors (0ms)
				InitializePlatformSupportModulesInManaged (5ms)
				SetLoadedEditorAssemblies (1ms)
				RefreshPlugins (1ms)
				BeforeProcessingInitializeOnLoad (68ms)
				ProcessInitializeOnLoadAttributes (213ms)
				ProcessInitializeOnLoadMethodAttributes (13ms)
				AfterProcessingInitializeOnLoad (8ms)
				EditorAssembliesLoaded (0ms)
			ExecutionOrderSort2 (0ms)
			AwakeInstancesAfterBackupRestoration (9ms)
Platform modules already initialized, skipping
Refreshing native plugins compatible for Editor in 1.00 ms, found 3 plugins.
Preloading 0 native plugins for Editor in 0.00 ms.
Unloading 2405 Unused Serialized files (Serialized files now loaded: 0)
System memory in use before: 106.0 MB.
System memory in use after: 106.3 MB.

Unloading 22 unused Assets to reduce memory usage. Loaded Objects now: 2869.
Total: 3.868300 ms (FindLiveObjects: 0.291300 ms CreateObjectMapping: 0.062100 ms MarkObjects: 3.482900 ms  DeleteObjects: 0.029800 ms)

AssetImportParameters requested are different than current active one (requested -> active):
  custom:framework-win-MediaFoundation: 216162199b28c13a410421893ffa2e32 -> 
  custom:video-decoder-ogg-theora: a1e56fd34408186e4bbccfd4996cb3dc -> 
  custom:container-muxer-webm: aa71ff27fc2769a1b78a27578f13a17b -> 
  custom:container-demuxer-webm: 4f35f7cbe854078d1ac9338744f61a02 -> 
  custom:container-demuxer-ogg: 62fdf1f143b41e24485cea50d1cbac27 -> 
  custom:video-encoder-webm-vp8: eb34c28f22e8b96e1ab97ce403110664 -> 
  custom:video-decoder-webm-vp8: 9c59270c3fd7afecdb556c50c9e8de78 -> 
  custom:audio-decoder-ogg-vorbis: bf7c407c2cedff20999df2af8eb42d56 -> 
  custom:audio-encoder-webm-vorbis: bf7c407c2cedff20999df2af8eb42d56 -> 
========================================================================
Received Import Request.
  Time since last request: 2054.618769 seconds.
  path: Assets/Photon/PhotonUnityNetworking/Demos/DemoSlotRacer/Kenney Assets/Stylized city/Materials/11 - Default.mat
  artifactKey: Guid(b7d67d7d7ddb88542b23886a4b496c77) Importer(815301076,1909f56bfc062723c751e8b465ee728b)
Start importing Assets/Photon/PhotonUnityNetworking/Demos/DemoSlotRacer/Kenney Assets/Stylized city/Materials/11 - Default.mat using Guid(b7d67d7d7ddb88542b23886a4b496c77) Importer(815301076,1909f56bfc062723c751e8b465ee728b)  -> (artifact id: 'e0951d45975ba48a159d6b94ad72bc15') in 0.387288 seconds 
  Import took 0.392700 seconds .

========================================================================
Received Import Request.
  Time since last request: 0.000271 seconds.
  path: Assets/Photon/PhotonUnityNetworking/Demos/DemoSlotRacer/Kenney Assets/Stylized city/Materials/13 - Default22662.mat
  artifactKey: Guid(7d91274cc4a876a439f75445704f421b) Importer(815301076,1909f56bfc062723c751e8b465ee728b)
Start importing Assets/Photon/PhotonUnityNetworking/Demos/DemoSlotRacer/Kenney Assets/Stylized city/Materials/13 - Default22662.mat using Guid(7d91274cc4a876a439f75445704f421b) Importer(815301076,1909f56bfc062723c751e8b465ee728b)  -> (artifact id: '7976eef1a2e0404489d76897748992d3') in 0.018319 seconds 
  Import took 0.024352 seconds .

========================================================================
Received Import Request.
  Time since last request: 0.000203 seconds.
  path: Assets/Photon/PhotonUnityNetworking/Demos/DemoSlotRacer/Kenney Assets/Stylized city/Materials/13 - Default54.mat
  artifactKey: Guid(831e4ea6beda02947bdca5aeb8543156) Importer(815301076,1909f56bfc062723c751e8b465ee728b)
Start importing Assets/Photon/PhotonUnityNetworking/Demos/DemoSlotRacer/Kenney Assets/Stylized city/Materials/13 - Default54.mat using Guid(831e4ea6beda02947bdca5aeb8543156) Importer(815301076,1909f56bfc062723c751e8b465ee728b)  -> (artifact id: 'd41e525180b7f88cd43f9e648e4f2390') in 0.019603 seconds 
  Import took 0.026425 seconds .

========================================================================
Received Import Request.
  Time since last request: 0.000216 seconds.
  path: Assets/Photon/PhotonUnityNetworking/Demos/DemoSlotRacer/Kenney Assets/Stylized city/Materials/13 - Default.mat
  artifactKey: Guid(b957742c5b9bfd441b9b330c8b55d0c5) Importer(815301076,1909f56bfc062723c751e8b465ee728b)
Start importing Assets/Photon/PhotonUnityNetworking/Demos/DemoSlotRacer/Kenney Assets/Stylized city/Materials/13 - Default.mat using Guid(b957742c5b9bfd441b9b330c8b55d0c5) Importer(815301076,1909f56bfc062723c751e8b465ee728b)  -> (artifact id: 'dd8e020d6174dbbf17927250b4b11306') in 0.019732 seconds 
  Import took 0.024537 seconds .

========================================================================
Received Import Request.
  Time since last request: 0.000275 seconds.
  path: Assets/Photon/PhotonUnityNetworking/Demos/DemoSlotRacer/Kenney Assets/Stylized city/Materials/20 - Default.mat
  artifactKey: Guid(4e1a4e79a3548164da24123dbb0f3566) Importer(815301076,1909f56bfc062723c751e8b465ee728b)
Start importing Assets/Photon/PhotonUnityNetworking/Demos/DemoSlotRacer/Kenney Assets/Stylized city/Materials/20 - Default.mat using Guid(4e1a4e79a3548164da24123dbb0f3566) Importer(815301076,1909f56bfc062723c751e8b465ee728b)  -> (artifact id: '0247857d06044ab205c9c89b2d5d72f9') in 0.017074 seconds 
  Import took 0.021077 seconds .

========================================================================
Received Import Request.
  Time since last request: 0.000188 seconds.
  path: Assets/Photon/PhotonUnityNetworking/Demos/DemoSlotRacer/Kenney Assets/Stylized city/Materials/24 - Default.mat
  artifactKey: Guid(c14837dfa515883428e5652d93e80c72) Importer(815301076,1909f56bfc062723c751e8b465ee728b)
Start importing Assets/Photon/PhotonUnityNetworking/Demos/DemoSlotRacer/Kenney Assets/Stylized city/Materials/24 - Default.mat using Guid(c14837dfa515883428e5652d93e80c72) Importer(815301076,1909f56bfc062723c751e8b465ee728b)  -> (artifact id: '648e598339e6bf6bef4e5d9cedbb83a4') in 0.020429 seconds 
  Import took 0.025483 seconds .

========================================================================
Received Import Request.
  Time since last request: 0.000231 seconds.
  path: Assets/Photon/PhotonUnityNetworking/Demos/DemoSlotRacer/Kenney Assets/Stylized city/Materials/22 - Default.mat
  artifactKey: Guid(86080a783905b5740ad2b81f63a2c650) Importer(815301076,1909f56bfc062723c751e8b465ee728b)
Start importing Assets/Photon/PhotonUnityNetworking/Demos/DemoSlotRacer/Kenney Assets/Stylized city/Materials/22 - Default.mat using Guid(86080a783905b5740ad2b81f63a2c650) Importer(815301076,1909f56bfc062723c751e8b465ee728b)  -> (artifact id: '34c53f0c6635faddecd030d47ee0f536') in 0.016133 seconds 
  Import took 0.019766 seconds .

========================================================================
Received Import Request.
  Time since last request: 394.000629 seconds.
  path: Assets/NetworkManager.cs
  artifactKey: Guid(6416def9b98902141a8ff74920919b27) Importer(815301076,1909f56bfc062723c751e8b465ee728b)
Start importing Assets/NetworkManager.cs using Guid(6416def9b98902141a8ff74920919b27) Importer(815301076,1909f56bfc062723c751e8b465ee728b)  -> (artifact id: '1b2630831e785594bae2036d9227f8e8') in 0.016997 seconds 
  Import took 0.022785 seconds .

========================================================================
Received Prepare
Registering precompiled user dll's ...
Registered in 0.007706 seconds.
Begin MonoManager ReloadAssembly
Native extension for WindowsStandalone target not found
Refreshing native plugins compatible for Editor in 0.87 ms, found 3 plugins.
Preloading 0 native plugins for Editor in 0.00 ms.
Mono: successfully reloaded assembly
- Completed reload, in  1.043 seconds
Domain Reload Profiling:
	ReloadAssembly (1043ms)
		BeginReloadAssembly (117ms)
			ExecutionOrderSort (0ms)
			DisableScriptedObjects (7ms)
			BackupInstance (0ms)
			ReleaseScriptingObjects (0ms)
			CreateAndSetChildDomain (42ms)
		EndReloadAssembly (851ms)
			LoadAssemblies (97ms)
			RebuildTransferFunctionScriptingTraits (0ms)
			SetupTypeCache (323ms)
			ReleaseScriptCaches (1ms)
			RebuildScriptCaches (45ms)
			SetupLoadedEditorAssemblies (284ms)
				LogAssemblyErrors (0ms)
				InitializePlatformSupportModulesInManaged (6ms)
				SetLoadedEditorAssemblies (1ms)
				RefreshPlugins (1ms)
				BeforeProcessingInitializeOnLoad (65ms)
				ProcessInitializeOnLoadAttributes (192ms)
				ProcessInitializeOnLoadMethodAttributes (12ms)
				AfterProcessingInitializeOnLoad (8ms)
				EditorAssembliesLoaded (0ms)
			ExecutionOrderSort2 (0ms)
			AwakeInstancesAfterBackupRestoration (9ms)
Platform modules already initialized, skipping
Refreshing native plugins compatible for Editor in 1.35 ms, found 3 plugins.
Preloading 0 native plugins for Editor in 0.00 ms.
Unloading 2404 Unused Serialized files (Serialized files now loaded: 0)
System memory in use before: 106.3 MB.
System memory in use after: 106.5 MB.

Unloading 23 unused Assets to reduce memory usage. Loaded Objects now: 2905.
Total: 3.585800 ms (FindLiveObjects: 0.408800 ms CreateObjectMapping: 0.078900 ms MarkObjects: 3.064300 ms  DeleteObjects: 0.031900 ms)

AssetImportParameters requested are different than current active one (requested -> active):
  custom:framework-win-MediaFoundation: 216162199b28c13a410421893ffa2e32 -> 
  custom:video-decoder-ogg-theora: a1e56fd34408186e4bbccfd4996cb3dc -> 
  custom:container-muxer-webm: aa71ff27fc2769a1b78a27578f13a17b -> 
  custom:container-demuxer-webm: 4f35f7cbe854078d1ac9338744f61a02 -> 
  custom:container-demuxer-ogg: 62fdf1f143b41e24485cea50d1cbac27 -> 
  custom:video-encoder-webm-vp8: eb34c28f22e8b96e1ab97ce403110664 -> 
  custom:video-decoder-webm-vp8: 9c59270c3fd7afecdb556c50c9e8de78 -> 
  custom:audio-decoder-ogg-vorbis: bf7c407c2cedff20999df2af8eb42d56 -> 
  custom:audio-encoder-webm-vorbis: bf7c407c2cedff20999df2af8eb42d56 -> 
========================================================================
Received Prepare
Registering precompiled user dll's ...
Registered in 0.007448 seconds.
Begin MonoManager ReloadAssembly
Native extension for WindowsStandalone target not found
Refreshing native plugins compatible for Editor in 0.77 ms, found 3 plugins.
Preloading 0 native plugins for Editor in 0.00 ms.
Mono: successfully reloaded assembly
- Completed reload, in  1.002 seconds
Domain Reload Profiling:
	ReloadAssembly (1003ms)
		BeginReloadAssembly (109ms)
			ExecutionOrderSort (0ms)
			DisableScriptedObjects (6ms)
			BackupInstance (0ms)
			ReleaseScriptingObjects (0ms)
			CreateAndSetChildDomain (38ms)
		EndReloadAssembly (824ms)
			LoadAssemblies (99ms)
			RebuildTransferFunctionScriptingTraits (0ms)
			SetupTypeCache (290ms)
			ReleaseScriptCaches (1ms)
			RebuildScriptCaches (40ms)
			SetupLoadedEditorAssemblies (298ms)
				LogAssemblyErrors (0ms)
				InitializePlatformSupportModulesInManaged (5ms)
				SetLoadedEditorAssemblies (1ms)
				RefreshPlugins (1ms)
				BeforeProcessingInitializeOnLoad (64ms)
				ProcessInitializeOnLoadAttributes (207ms)
				ProcessInitializeOnLoadMethodAttributes (13ms)
				AfterProcessingInitializeOnLoad (8ms)
				EditorAssembliesLoaded (0ms)
			ExecutionOrderSort2 (0ms)
			AwakeInstancesAfterBackupRestoration (9ms)
Platform modules already initialized, skipping
Refreshing native plugins compatible for Editor in 0.68 ms, found 3 plugins.
Preloading 0 native plugins for Editor in 0.00 ms.
Unloading 2405 Unused Serialized files (Serialized files now loaded: 0)
System memory in use before: 106.2 MB.
System memory in use after: 106.5 MB.

Unloading 22 unused Assets to reduce memory usage. Loaded Objects now: 2909.
Total: 2.894500 ms (FindLiveObjects: 0.253400 ms CreateObjectMapping: 0.059800 ms MarkObjects: 2.559900 ms  DeleteObjects: 0.020100 ms)

AssetImportParameters requested are different than current active one (requested -> active):
  custom:framework-win-MediaFoundation: 216162199b28c13a410421893ffa2e32 -> 
  custom:video-decoder-ogg-theora: a1e56fd34408186e4bbccfd4996cb3dc -> 
  custom:container-muxer-webm: aa71ff27fc2769a1b78a27578f13a17b -> 
  custom:container-demuxer-webm: 4f35f7cbe854078d1ac9338744f61a02 -> 
  custom:container-demuxer-ogg: 62fdf1f143b41e24485cea50d1cbac27 -> 
  custom:video-encoder-webm-vp8: eb34c28f22e8b96e1ab97ce403110664 -> 
  custom:video-decoder-webm-vp8: 9c59270c3fd7afecdb556c50c9e8de78 -> 
  custom:audio-decoder-ogg-vorbis: bf7c407c2cedff20999df2af8eb42d56 -> 
  custom:audio-encoder-webm-vorbis: bf7c407c2cedff20999df2af8eb42d56 -> 
========================================================================
Received Prepare
Registering precompiled user dll's ...
Registered in 0.007791 seconds.
Begin MonoManager ReloadAssembly
Native extension for WindowsStandalone target not found
Refreshing native plugins compatible for Editor in 0.88 ms, found 3 plugins.
Preloading 0 native plugins for Editor in 0.00 ms.
Mono: successfully reloaded assembly
- Completed reload, in  0.984 seconds
Domain Reload Profiling:
	ReloadAssembly (985ms)
		BeginReloadAssembly (113ms)
			ExecutionOrderSort (0ms)
			DisableScriptedObjects (5ms)
			BackupInstance (0ms)
			ReleaseScriptingObjects (0ms)
			CreateAndSetChildDomain (37ms)
		EndReloadAssembly (803ms)
			LoadAssemblies (99ms)
			RebuildTransferFunctionScriptingTraits (0ms)
			SetupTypeCache (286ms)
			ReleaseScriptCaches (1ms)
			RebuildScriptCaches (41ms)
			SetupLoadedEditorAssemblies (287ms)
				LogAssemblyErrors (0ms)
				InitializePlatformSupportModulesInManaged (4ms)
				SetLoadedEditorAssemblies (0ms)
				RefreshPlugins (1ms)
				BeforeProcessingInitializeOnLoad (76ms)
				ProcessInitializeOnLoadAttributes (185ms)
				ProcessInitializeOnLoadMethodAttributes (12ms)
				AfterProcessingInitializeOnLoad (7ms)
				EditorAssembliesLoaded (0ms)
			ExecutionOrderSort2 (0ms)
			AwakeInstancesAfterBackupRestoration (8ms)
Platform modules already initialized, skipping
Refreshing native plugins compatible for Editor in 0.76 ms, found 3 plugins.
Preloading 0 native plugins for Editor in 0.00 ms.
Unloading 2405 Unused Serialized files (Serialized files now loaded: 0)
System memory in use before: 106.3 MB.
System memory in use after: 106.6 MB.

Unloading 22 unused Assets to reduce memory usage. Loaded Objects now: 2912.
Total: 3.772000 ms (FindLiveObjects: 0.303100 ms CreateObjectMapping: 0.070800 ms MarkObjects: 3.377700 ms  DeleteObjects: 0.019000 ms)

AssetImportParameters requested are different than current active one (requested -> active):
  custom:framework-win-MediaFoundation: 216162199b28c13a410421893ffa2e32 -> 
  custom:video-decoder-ogg-theora: a1e56fd34408186e4bbccfd4996cb3dc -> 
  custom:container-muxer-webm: aa71ff27fc2769a1b78a27578f13a17b -> 
  custom:container-demuxer-webm: 4f35f7cbe854078d1ac9338744f61a02 -> 
  custom:container-demuxer-ogg: 62fdf1f143b41e24485cea50d1cbac27 -> 
  custom:video-encoder-webm-vp8: eb34c28f22e8b96e1ab97ce403110664 -> 
  custom:video-decoder-webm-vp8: 9c59270c3fd7afecdb556c50c9e8de78 -> 
  custom:audio-decoder-ogg-vorbis: bf7c407c2cedff20999df2af8eb42d56 -> 
  custom:audio-encoder-webm-vorbis: bf7c407c2cedff20999df2af8eb42d56 -> 
========================================================================
Received Import Request.
  Time since last request: 1114.206324 seconds.
  path: Assets
  artifactKey: Guid(00000000000000001000000000000000) Importer(815301076,1909f56bfc062723c751e8b465ee728b)
Start importing Assets using Guid(00000000000000001000000000000000) Importer(815301076,1909f56bfc062723c751e8b465ee728b)  -> (artifact id: '42d402b061de3733987d63b9cc3b64de') in 0.010540 seconds 
  Import took 0.015348 seconds .

AssetImportWorkerClient::OnTransportError - code=2 error=End of file
